<?xml version="1.0" encoding="UTF-8"?>
<!-- Generated by org.testng.reporters.JUnitReportReporter -->
<testsuite skipped="0" hostname="ASDP1583PO02037" name="AppTest" tests="4" failures="0" timestamp="02 Jul 2018 11:49:08 GMT" time="5.305" errors="0">
  <testcase name="InputDrop" time="0.109" classname="AppTest"/>
  <testcase name="OutputDrop" time="0.063" classname="AppTest"/>
  <testcase name="sendText" time="0.063" classname="AppTest"/>
  <testcase name="checkTranslation" time="5.070" classname="AppTest"/>
</testsuite> <!-- AppTest -->
